7826937	王小川
62894817	茹立云
67141057	吴滔
65452314	洪涛
65452019	杨洪涛
62117	张朝阳
65084798	王昕
154663	余楚媛
64854620	方刚
52023823	周霖
64420540	邓晔
67142759	崔莉莉
67142776	施丽莉
67142957	张雪梅
50763889	曾伏虎
67143771	曾怿
61354755	王滔
67144093	盛雯
4594298	陈德文
67144370	洪晓健
67144577	潘文娟
357476	吴宵光
357470	网大为
64259333	张小龙
18186968	马晓轶
51746600	罗硕瀚
10154653	郭凯天
53007003	奚丹
173244	陈一丹
340154	曾李青
357484	马喆人
61544142	郑志昊
23831007	孙忠怀
67154288	程武
44106522	卜广齐
67157250	谢呼
67157253	丁珂
8559982	陈菊红
67157257	唐毅斌
67157260	殷宇
67157263	别洪涛
67141196	彭迦信
7783316	刘强东
6242	马化腾
46797	刘炽平
46945	张志东
46965	许晨晔
357460	任宇昕
444691	james mitchell
46771	刘胜义
38059023	汤道生
6896830	卢山
61756	马云（阿里巴巴集团主要创始人之一）
7568476	蔡崇信
710653	陆兆禧
64417816	张勇（阿里巴巴集团董事兼首席运营官（COO））
84757838	武卫（阿里巴巴集团首席财务官（CFO））
84765544	王坚（阿里巴巴集团首席技术官（CTO））
64493028	姜鹏（阿里巴巴集团副首席技术官）
64817759	彭蕾（阿里巴巴集团首席人才官（CPO））
7925679	邵晓锋
65076396	戴珊（阿里巴巴集团首席客户服务官（CCO））
84821296	石义德
54257658	金建杭
76509	李彦宏
5332325	李昕晢
41738	张亚勤
64368378	王劲（百度技术副总裁）
8069557	向海龙
64987613	王湛（百度副总裁）
64591751	朱光（百度副总裁）
6283070	刘辉（百度人力资源和行政管理副总裁）
64823937	梁志祥（百度副总裁兼CEO助理）
7738095	孙云丰
64849403	李明远（百度副总裁）
257404	雷军（IT企业家、小米创始人）
10936839	贾跃亭
50140	杨元庆
152028	柳传志
451027	任正非
142029	史玉柱
64274	陈天桥
152066	唐骏（港澳资讯董事长兼CEO）
95199	李开复
