4297323	赵丽颖	行程	starPlan	0	http://m.idol001.com/xingcheng/list/star-zhaoliying-6159/?from=sogou	0	0
1180681	李敏镐	行程	starPlan	0	http://m.idol001.com/xingcheng/list/star-liminhao-2496/?from=sogou	0	0
54191710	杨洋	行程	starPlan	0	http://m.idol001.com/xingcheng/list/star-yangyang-6640/?from=sogou	0	0
53419408	鹿晗	行程	starPlan	0	http://m.idol001.com/xingcheng/list/star-luhan-6621/?from=sogou	0	0
620801	李易峰	行程	starPlan	0	http://m.idol001.com/xingcheng/list/star-liyifeng-2572/?from=sogou	0	0
574672	郑爽	行程	starPlan	0	http://m.idol001.com/xingcheng/list/star-zhengshuang-6062/?from=sogou	0	0
98080	杨幂	行程	starPlan	0	http://m.idol001.com/xingcheng/list/star-yangmi-5624/?from=sogou	0	0
56289	范冰冰	行程	starPlan	0	http://m.idol001.com/xingcheng/list/star-fanbingbing-1190/?from=sogou	0	0
67766307	王俊凯	行程	starPlan	0	http://m.idol001.com/xingcheng/list/star-tfboys-6761/?from=sogou	0	0
334169	关晓彤	行程	starPlan	0	http://m.idol001.com/xingcheng/list/star-guanxiaotong-1435/?from=sogou	0	0
53733454	吴亦凡	行程	starPlan	0	http://m.idol001.com/xingcheng/list/star-wuyifan-6620/?from=sogou	0	0
620115	唐嫣	行程	starPlan	0	http://m.idol001.com/xingcheng/list/star-tangyan-4590/?from=sogou	0	0
57352603	宋仲基	行程	starPlan	0	http://m.idol001.com/xingcheng/list/star-songzhongji-4167/?from=sogou	0	0
47504330	EXO	行程	starPlan	0	http://m.idol001.com/xingcheng/list/star-exo-6730/?from=sogou	0	0
62883056	迪丽热巴	行程	starPlan	0	http://m.idol001.com/xingcheng/list/star-dilireba-7134/?from=sogou	0	0
68054659	TFBOYS	行程	starPlan	0	http://m.idol001.com/xingcheng/list/star-tfboys-6761/?from=sogou	0	0
63773166	易烊千玺	行程	starPlan	0	http://m.idol001.com/xingcheng/list/star-tfboys-6761/?from=sogou	0	0
457791	霍建华	行程	starPlan	0	http://m.idol001.com/xingcheng/list/star-huojianhua-1590/?from=sogou	0	0
95710	胡歌	行程	starPlan	0	http://m.idol001.com/xingcheng/list/star-huge-1573/?from=sogou	0	0
53047	刘亦菲	行程	starPlan	0	http://m.idol001.com/xingcheng/list/star-liuyifei-2477/?from=sogou	0	0
7761500	王源	行程	starPlan	0	http://m.idol001.com/xingcheng/list/star-tfboys-6761/?from=sogou	0	0
74151	刘涛	行程	starPlan	0	http://m.idol001.com/xingcheng/list/star-liutao-2507/?from=sogou	0	0
103832	刘诗诗	行程	starPlan	0	http://m.idol001.com/xingcheng/list/star-liushishi-2540/?from=sogou	0	0
2308610	陈晓	行程	starPlan	0	http://m.idol001.com/xingcheng/list/star-chenxiao-6615/?from=sogou	0	0
589530	邓紫棋	行程	starPlan	0	http://m.idol001.com/xingcheng/list/star-dengziqi-918/?from=sogou	0	0
94995	薛之谦	行程	starPlan	0	http://m.idol001.com/xingcheng/list/star-xuezhiqian-5431/?from=sogou	0	0
93715	林心如	行程	starPlan	0	http://m.idol001.com/xingcheng/list/star-linxinru-2475/?from=sogou	0	0
22821125	古力娜扎	行程	starPlan	0	http://m.idol001.com/xingcheng/list/star-gulinazha-6634/?from=sogou	0	0
71614	bigbang	行程	starPlan	0	http://m.idol001.com/xingcheng/list/star-bigbang-6654/?from=sogou	0	0
35251	陈乔恩	行程	starPlan	0	http://m.idol001.com/xingcheng/list/star-chenqiaoen-485/?from=sogou	0	0
47623	少女时代	行程	starPlan	0	http://m.idol001.com/xingcheng/list/star-sosi-6757/?from=sogou	0	0
1272907	吴磊	行程	starPlan	0	http://m.idol001.com/xingcheng/list/star-wulei-5123/?from=sogou	0	0
625189	郑恺	行程	starPlan	0	http://m.idol001.com/xingcheng/list/star-zhengkai-6228/?from=sogou	0	0
4895751	宋慧乔	行程	starPlan	0	http://m.idol001.com/xingcheng/list/star-songhuiqiao-4101/?from=sogou	0	0
74031	高圆圆	行程	starPlan	0	http://m.idol001.com/xingcheng/list/star-gaoyuanyuan-1340/?from=sogou	0	0
53575028	黄子韬	行程	starPlan	0	http://m.idol001.com/xingcheng/list/star-huangzitao-6622/?from=sogou	0	0
9947485	李钟硕	行程	starPlan	0	http://m.idol001.com/xingcheng/list/star-lizhongshuo-6741/?from=sogou	0	0
4659803	宋茜	行程	starPlan	0	http://m.idol001.com/xingcheng/list/star-songqian-4168/?from=sogou	0	0
49496	张杰	行程	starPlan	0	http://m.idol001.com/xingcheng/list/star-zhangjie-6014/?from=sogou	0	0
254381	陈伟霆	行程	starPlan	0	http://m.idol001.com/xingcheng/list/star-chenweiting-490/?from=sogou	0	0
4156055	刘恺威	行程	starPlan	0	http://m.idol001.com/xingcheng/list/star-liukaiwei-2551/?from=sogou	0	0
57670	张一山	行程	starPlan	0	http://m.idol001.com/xingcheng/list/star-zhangyishan-6180/?from=sogou	0	0
92868	王凯	行程	starPlan	0	http://m.idol001.com/xingcheng/list/star-wangkai-7175/?from=sogou	0	0
4853409	周杰伦	行程	starPlan	0	http://m.idol001.com/xingcheng/list/star-zhoujielun-6011/?from=sogou	0	0
6428617	郑秀晶	行程	starPlan	0	http://m.idol001.com/xingcheng/list/star-zhengxiujing-6273/?from=sogou	0	0
107570	林志颖	行程	starPlan	0	http://m.idol001.com/xingcheng/list/star-linzhiying-2479/?from=sogou	0	0
68916	谢娜	行程	starPlan	0	http://m.idol001.com/xingcheng/list/star-xiena-5369/?from=sogou	0	0
232864	朴信惠	行程	starPlan	0	http://m.idol001.com/xingcheng/list/star-piaoxinhui-3733/?from=sogou	0	0
6130	何炅	行程	starPlan	0	http://m.idol001.com/xingcheng/list/star-hejiong-1579/?from=sogou	0	0
628932	赵又廷	行程	starPlan	0	http://m.idol001.com/xingcheng/list/star-zhaoyouting-6181/?from=sogou	0	0
65871	马天宇	行程	starPlan	0	http://m.idol001.com/xingcheng/list/star-matianyu-3296/?from=sogou	0	0
84373085	张天爱	行程	starPlan	0	http://m.idol001.com/xingcheng/list/star-zhangtianai-7556/?from=sogou	0	0
66830207	刘昊然	行程	starPlan	0	http://m.idol001.com/xingcheng/list/star-liuhaoran-7449/?from=sogou	0	0
696973	贾乃亮	行程	starPlan	0	http://m.idol001.com/xingcheng/list/star-jianailiang-1939/?from=sogou	0	0
743617	马思纯	行程	starPlan	0	http://m.idol001.com/xingcheng/list/star-masichun-7607/?from=sogou	0	0
7630774	池昌旭	行程	starPlan	0	http://m.idol001.com/xingcheng/list/star-chichangxu-6870/?from=sogou	0	0
690025	井柏然	行程	starPlan	0	http://m.idol001.com/xingcheng/list/star-jingboran-1966/?from=sogou	0	0
849896	郑秀妍	行程	starPlan	0	http://m.idol001.com/xingcheng/list/star-zhengxiuyan-6749/?from=sogou	0	0
547889	吴昕	行程	starPlan	0	http://m.idol001.com/xingcheng/list/star-wuxin-5043/?from=sogou	0	0
62446	罗志祥	行程	starPlan	0	http://m.idol001.com/xingcheng/list/star-luozhixiang-2466/?from=sogou	0	0
8322927	李荣浩	行程	starPlan	0	http://m.idol001.com/xingcheng/list/star-lironghao-7174/?from=sogou	0	0
53271	张靓颖	行程	starPlan	0	http://m.idol001.com/xingcheng/list/star-zhangliangying-6017/?from=sogou	0	0
60815784	陈学冬	行程	starPlan	0	http://m.idol001.com/xingcheng/list/star-chenxuedong-6627/?from=sogou	0	0
60957326	华晨宇	行程	starPlan	0	http://m.idol001.com/xingcheng/list/star-huachenyu-6652/?from=sogou	0	0
75486776	张碧晨	行程	starPlan	0	http://m.idol001.com/xingcheng/list/star-zhangbichen-7068/?from=sogou	0	0
704049	iu	行程	starPlan	0	http://m.idol001.com/xingcheng/list/star-iu-6827/?from=sogou	0	0
658548	田馥甄	行程	starPlan	0	http://m.idol001.com/xingcheng/list/star-tianfuzhen-1574/?from=sogou	0	0
777919	李健	行程	starPlan	0	http://m.idol001.com/xingcheng/list/star-lijian-2610/?from=sogou	0	0
83152850	南柱赫	行程	starPlan	0	http://m.idol001.com/xingcheng/list/star-nanzhuhe-7055/?from=sogou	0	0
2292968	T-ara	行程	starPlan	0	http://m.idol001.com/xingcheng/list/star-tara-6809/?from=sogou	0	0
66114639	安宰贤	行程	starPlan	0	http://m.idol001.com/xingcheng/list/star-anzaixian-6964/?from=sogou	0	0
128392373	黄致列	行程	starPlan	0	http://m.idol001.com/xingcheng/list/star-huangzhilie-7346/?from=sogou	0	0
615638	蔡依林	行程	starPlan	0	http://m.idol001.com/xingcheng/list/star-caiyilin-443/?from=sogou	0	0
435702	吴映洁	行程	starPlan	0	http://m.idol001.com/xingcheng/list/star-wuyingjie-7553/?from=sogou	0	0
68910	林俊杰	行程	starPlan	0	http://m.idol001.com/xingcheng/list/star-linjunjie-2474/?from=sogou	0	0
8043910	林更新	行程	starPlan	0	http://m.idol001.com/xingcheng/list/star-lingengxin-2773/?from=sogou	0	0
67894728	张云龙	行程	starPlan	0	http://m.idol001.com/xingcheng/list/star-zhangyunlong-7513/?from=sogou	0	0
5748	李宇春	行程	starPlan	0	http://m.idol001.com/xingcheng/list/star-liyuchun-2473/?from=sogou	0	0
7442894	张根硕	行程	starPlan	0	http://m.idol001.com/xingcheng/list/star-zhanggenshuo-6027/?from=sogou	0	0
78879	袁弘	行程	starPlan	0	http://m.idol001.com/xingcheng/list/star-yuanhong-5773/?from=sogou	0	0
67632544	防弹少年团	行程	starPlan	0	http://m.idol001.com/xingcheng/list/star-bangtan-6793/?from=sogou	0	0
118465	汪东城	行程	starPlan	0	http://m.idol001.com/xingcheng/list/star-wangdongcheng-4979/?from=sogou	0	0
69016	谭维维	行程	starPlan	0	http://m.idol001.com/xingcheng/list/star-tanweiwei-4605/?from=sogou	0	0
610488	徐佳莹	行程	starPlan	0	http://m.idol001.com/xingcheng/list/star-xujiaying-5411/?from=sogou	0	0
55791107	于朦胧	行程	starPlan	0	http://m.idol001.com/xingcheng/list/star-yumenglong-6637/?from=sogou	0	0
71484523	朴宝剑	行程	starPlan	0	http://m.idol001.com/xingcheng/list/star-piaobaojian-7004/?from=sogou	0	0
128547167	黄景瑜	行程	starPlan	0	http://m.idol001.com/xingcheng/list/star-huangjingyu-7396/?from=sogou	0	0
92451	张智霖	行程	starPlan	0	http://m.idol001.com/xingcheng/list/star-zhangzhilin-6077/?from=sogou	0	0
525852	李准基	行程	starPlan	0	http://m.idol001.com/xingcheng/list/star-lizhunji-2501/?from=sogou	0	0
10175368	高伟光	行程	starPlan	0	http://m.idol001.com/xingcheng/list/star-gaoweiguang-7659/?from=sogou	0	0
174839	Super Junior	行程	starPlan	0	http://m.idol001.com/xingcheng/list/star-superjunior-6782/?from=sogou	0	0
61873106	金宇彬	行程	starPlan	0	http://m.idol001.com/xingcheng/list/star-jinyubin-6740/?from=sogou	0	0
34927131	徐海乔	行程	starPlan	0	http://m.idol001.com/xingcheng/list/star-xuhaiqiao-5594/?from=sogou	0	0
2481286	孔刘	行程	starPlan	0	http://m.idol001.com/xingcheng/list/star-kongliu-7585/?from=sogou	0	0
124257	林宥嘉	行程	starPlan	0	http://m.idol001.com/xingcheng/list/star-linyoujia-2476/?from=sogou	0	0
584366	朴宝英	行程	starPlan	0	http://m.idol001.com/xingcheng/list/star-piaobaoying-3790/?from=sogou	0	0
67816296	AOA	行程	starPlan	0	http://m.idol001.com/xingcheng/list/star-aoa-6861/?from=sogou	0	0
63839794	董子健	行程	starPlan	0	http://m.idol001.com/xingcheng/list/star-dongzijian-7606/?from=sogou	0	0
48728	刘若英	行程	starPlan	0	http://m.idol001.com/xingcheng/list/star-liuruoying-2506/?from=sogou	0	0
101177062	任嘉伦	行程	starPlan	0	http://m.idol001.com/xingcheng/list/star-renjialun-7643/?from=sogou	0	0
7825187	汪苏泷	行程	starPlan	0	http://m.idol001.com/xingcheng/list/star-wangsulong-5114/?from=sogou	0	0
65199511	GOT7	行程	starPlan	0	http://m.idol001.com/xingcheng/list/star-got7-6765/?from=sogou	0	0
272214	苏志燮	行程	starPlan	0	http://m.idol001.com/xingcheng/list/star-suzhixie-4114/?from=sogou	0	0
4464	五月天	行程	starPlan	0	http://m.idol001.com/xingcheng/list/star-wuyuetian-6648/?from=sogou	0	0
10692758	金赛纶	行程	starPlan	0	http://m.idol001.com/xingcheng/list/star-jinsailun-2059/?from=sogou	0	0
9170	孙燕姿	行程	starPlan	0	http://m.idol001.com/xingcheng/list/star-sunyanzi-4102/?from=sogou	0	0
7603478	fx	行程	starPlan	0	http://m.idol001.com/xingcheng/list/star-fx-1218/?from=sogou	0	0
464267	武艺	行程	starPlan	0	http://m.idol001.com/xingcheng/list/star-wuyi-3719/?from=sogou	0	0
7681275	姜潮	行程	starPlan	0	http://m.idol001.com/xingcheng/list/star-jiangchao-1943/?from=sogou	0	0
66126	东方神起	行程	starPlan	0	http://m.idol001.com/xingcheng/list/star-tvxq-882/?from=sogou	0	0
82101103	ikon	行程	starPlan	0	http://m.idol001.com/xingcheng/list/star-ikon-6789/?from=sogou	0	0
407174	2NE1	行程	starPlan	0	http://m.idol001.com/xingcheng/list/star-2ne1-6788/?from=sogou	0	0
666838	2PM	行程	starPlan	0	http://m.idol001.com/xingcheng/list/star-2pm-6773/?from=sogou	0	0
558375	徐浩	行程	starPlan	0	http://m.idol001.com/xingcheng/list/star-xuhao-6709/?from=sogou	0	0
128645004	许魏洲	行程	starPlan	0	http://m.idol001.com/xingcheng/list/star-xuweizhou-7398/?from=sogou	0	0
820513	infinite	行程	starPlan	0	http://m.idol001.com/xingcheng/list/star-infinite-6801/?from=sogou	0	0
60487	twins	行程	starPlan	0	http://m.idol001.com/xingcheng/list/star-twins-4593/?from=sogou	0	0
67763771	winner	行程	starPlan	0	http://m.idol001.com/xingcheng/list/star-winner-6747/?from=sogou	0	0
48636	周笔畅	行程	starPlan	0	http://m.idol001.com/xingcheng/list/star-zhoubichang-6012/?from=sogou	0	0
61342632	白举纲	行程	starPlan	0	http://m.idol001.com/xingcheng/list/star-baijugang-6673/?from=sogou	0	0
49949659	EXID	行程	starPlan	0	http://m.idol001.com/xingcheng/list/star-exid-6877/?from=sogou	0	0
9694083	miss A	行程	starPlan	0	http://m.idol001.com/xingcheng/list/star-missa-3347/?from=sogou	0	0
83846228	郑业成	行程	starPlan	0	http://m.idol001.com/xingcheng/list/star-zhengyecheng-7557/?from=sogou	0	0
64985263	刘维	行程	starPlan	0	http://m.idol001.com/xingcheng/list/star-liuwei-7506/?from=sogou	0	0
82106181	red velvet	行程	starPlan	0	http://m.idol001.com/xingcheng/list/star-redvelvet-6885/?from=sogou	0	0
124313	shinee	行程	starPlan	0	http://m.idol001.com/xingcheng/list/star-shinee-6828/?from=sogou	0	0
10892501	大张伟	行程	starPlan	0	http://m.idol001.com/xingcheng/list/star-dazhangwei-962/?from=sogou	0	0
154816136	X玖少年团	行程	starPlan	0	http://m.idol001.com/xingcheng/list/star-xfire-7408/?from=sogou	0	0
5704759	F(X)	行程	starPlan	0	http://m.idol001.com/xingcheng/list/star-fx-1218/?from=sogou	0	0
7174746	朴宰范	行程	starPlan	0	http://m.idol001.com/xingcheng/list/star-piaozaifan-3788/?from=sogou	0	0
10870457	冯建宇	行程	starPlan	0	http://m.idol001.com/xingcheng/list/star-fengjianyu-7160/?from=sogou	0	0
118870	神话	行程	starPlan	0	http://m.idol001.com/xingcheng/list/star-shinhwa-4118/?from=sogou	0	0
54402063	VIXX	行程	starPlan	0	http://m.idol001.com/xingcheng/list/star-vixx-4917/?from=sogou	0	0
8549836	SISTAR	行程	starPlan	0	http://m.idol001.com/xingcheng/list/star-sistar-4323/?from=sogou	0	0
62993331	姜河那	行程	starPlan	0	http://m.idol001.com/xingcheng/list/star-jianghena-7150/?from=sogou	0	0
101694210	twice	行程	starPlan	0	http://m.idol001.com/xingcheng/list/star-twice-7179/?from=sogou	0	0
31314045	A Pink	行程	starPlan	0	http://m.idol001.com/xingcheng/list/star-apink-6834/?from=sogou	0	0
6438871	C.N.Blue	行程	starPlan	0	http://m.idol001.com/xingcheng/list/star-cnblue-6841/?from=sogou	0	0
52845890	李健	行程	starPlan	0	http://m.idol001.com/xingcheng/list/star-lijian-2610/?from=sogou	0	0
4924478	Seventeen	行程	starPlan	0	http://m.idol001.com/xingcheng/list/star-seventeen-7424/?from=sogou	0	0
52568528	BtoB	行程	starPlan	0	http://m.idol001.com/xingcheng/list/star-btob-330/?from=sogou	0	0
1449837	F.T.Island	行程	starPlan	0	http://m.idol001.com/xingcheng/list/star-ftisland-7069/?from=sogou	0	0
102287394	王青	行程	starPlan	0	http://m.idol001.com/xingcheng/list/star-wangqing-7161/?from=sogou	0	0
6057929	郑珍云	行程	starPlan	0	http://m.idol001.com/xingcheng/list/star-zhengzhenyun-6369/?from=sogou	0	0
406543	davichi	行程	starPlan	0	http://m.idol001.com/xingcheng/list/star-davichi-889/?from=sogou	0	0
82402899	lovelyz	行程	starPlan	0	http://m.idol001.com/xingcheng/list/star-lovelyz-7273/?from=sogou	0	0
29545523	B1A4	行程	starPlan	0	http://m.idol001.com/xingcheng/list/star-b1a4-316/?from=sogou	0	0
5535410	王青	行程	starPlan	0	http://m.idol001.com/xingcheng/list/star-wangqing-7161/?from=sogou	0	0
128753820	宇宙少女	行程	starPlan	0	http://m.idol001.com/xingcheng/list/star-wjsn-7380/?from=sogou	0	0
128620923	NCT	行程	starPlan	0	http://m.idol001.com/xingcheng/list/star-nct-7399/?from=sogou	0	0
10038631	JYJ	行程	starPlan	0	http://m.idol001.com/xingcheng/list/star-jyj-3742/?from=sogou	0	0
66270406	MAMAMOO	行程	starPlan	0	http://m.idol001.com/xingcheng/list/star-mamamoo-7283/?from=sogou	0	0
67615492	王博文	行程	starPlan	0	http://m.idol001.com/xingcheng/list/star-wangbowen-7517/?from=sogou	0	0
